<?xml version="1.0" encoding="UTF-8"?>
<testsuite xmlns:xsi="http://www.w3.org/2001/XMLSchema-instance" xsi:noNamespaceSchemaLocation="https://maven.apache.org/surefire/maven-surefire-plugin/xsd/surefire-test-report.xsd" version="3.0.2" name="com.gatewayserver.GatewayserverApplicationTests" time="8.898" tests="1" errors="0" skipped="0" failures="0">
  <properties>
[...]
</properties>
  <testcase name="contextLoads" classname="com.gatewayserver.GatewayserverApplicationTests" time="0.672">
    <system-out><![CDATA[14:20:03.612 [main] INFO org.springframework.test.context.support.AnnotationConfigContextLoaderUtils -- Could not detect default configuration classes for test class [com.gatewayserver.GatewayserverApplicationTests]: GatewayserverApplicationTests does not declare any static, non-private, non-final, nested classes annotated with @Configuration.
14:20:03.816 [main] INFO org.springframework.boot.test.context.SpringBootTestContextBootstrapper -- Found @SpringBootConfiguration com.gatewayserver.GatewayserverApplication for test class com.gatewayserver.GatewayserverApplicationTests
14:20:04.376 [main] INFO org.springframework.boot.devtools.restart.RestartApplicationListener -- Restart disabled due to context in which it is running

  .   ____          _            __ _ _
 /\\ / ___'_ __ _ _(_)_ __  __ _ \ \ \ \
( ( )\___ | '_ | '_| | '_ \/ _` | \ \ \ \
 \\/  ___)| |_)| | | | | || (_| |  ) ) ) )
  '  |____| .__|_| |_|_| |_\__, | / / / /
 =========|_|==============|___/=/_/_/_/

 :: Spring Boot ::                (v3.4.3)

2025-03-05T14:20:05.490+05:30  INFO 22308 --- [gatewayserver] [           main] c.g.GatewayserverApplicationTests        : Starting GatewayserverApplicationTests using Java 21.0.4 with PID 22308 (started by baghel in C:\Users\singh\git\Microservices\gatewayserver)
2025-03-05T14:20:05.491+05:30 DEBUG 22308 --- [gatewayserver] [           main] c.g.GatewayserverApplicationTests        : Running with Spring Boot v3.4.3, Spring v6.2.3
2025-03-05T14:20:05.492+05:30  INFO 22308 --- [gatewayserver] [           main] c.g.GatewayserverApplicationTests        : The following 1 profile is active: "prod"
2025-03-05T14:20:05.563+05:30  INFO 22308 --- [gatewayserver] [           main] o.s.c.c.c.ConfigServerConfigDataLoader   : Fetching config from server at : http://localhost:8071/
2025-03-05T14:20:05.564+05:30  INFO 22308 --- [gatewayserver] [           main] o.s.c.c.c.ConfigServerConfigDataLoader   : Located environment: name=gatewayserver, profiles=[default], label=null, version=null, state=null
2025-03-05T14:20:05.564+05:30  INFO 22308 --- [gatewayserver] [           main] o.s.c.c.c.ConfigServerConfigDataLoader   : Fetching config from server at : http://localhost:8071/
2025-03-05T14:20:05.565+05:30  INFO 22308 --- [gatewayserver] [           main] o.s.c.c.c.ConfigServerConfigDataLoader   : Located environment: name=gatewayserver, profiles=[prod], label=null, version=null, state=null
2025-03-05T14:20:07.602+05:30  INFO 22308 --- [gatewayserver] [           main] .s.d.r.c.RepositoryConfigurationDelegate : Multiple Spring Data modules found, entering strict repository configuration mode
2025-03-05T14:20:07.609+05:30  INFO 22308 --- [gatewayserver] [           main] .s.d.r.c.RepositoryConfigurationDelegate : Bootstrapping Spring Data Redis repositories in DEFAULT mode.
2025-03-05T14:20:07.670+05:30  INFO 22308 --- [gatewayserver] [           main] .s.d.r.c.RepositoryConfigurationDelegate : Finished Spring Data repository scanning in 26 ms. Found 0 Redis repository interfaces.
2025-03-05T14:20:08.201+05:30  INFO 22308 --- [gatewayserver] [           main] o.s.cloud.context.scope.GenericScope     : BeanFactory id=6dfaa04f-874e-353a-8fc7-04cb6ef0c8f5
2025-03-05T14:20:10.164+05:30  INFO 22308 --- [gatewayserver] [           main] o.s.c.g.r.RouteDefinitionRouteLocator    : Loaded RoutePredicateFactory [After]
2025-03-05T14:20:10.164+05:30  INFO 22308 --- [gatewayserver] [           main] o.s.c.g.r.RouteDefinitionRouteLocator    : Loaded RoutePredicateFactory [Before]
2025-03-05T14:20:10.164+05:30  INFO 22308 --- [gatewayserver] [           main] o.s.c.g.r.RouteDefinitionRouteLocator    : Loaded RoutePredicateFactory [Between]
2025-03-05T14:20:10.164+05:30  INFO 22308 --- [gatewayserver] [           main] o.s.c.g.r.RouteDefinitionRouteLocator    : Loaded RoutePredicateFactory [Cookie]
2025-03-05T14:20:10.164+05:30  INFO 22308 --- [gatewayserver] [           main] o.s.c.g.r.RouteDefinitionRouteLocator    : Loaded RoutePredicateFactory [Header]
2025-03-05T14:20:10.164+05:30  INFO 22308 --- [gatewayserver] [           main] o.s.c.g.r.RouteDefinitionRouteLocator    : Loaded RoutePredicateFactory [Host]
2025-03-05T14:20:10.164+05:30  INFO 22308 --- [gatewayserver] [           main] o.s.c.g.r.RouteDefinitionRouteLocator    : Loaded RoutePredicateFactory [Method]
2025-03-05T14:20:10.164+05:30  INFO 22308 --- [gatewayserver] [           main] o.s.c.g.r.RouteDefinitionRouteLocator    : Loaded RoutePredicateFactory [Path]
2025-03-05T14:20:10.165+05:30  INFO 22308 --- [gatewayserver] [           main] o.s.c.g.r.RouteDefinitionRouteLocator    : Loaded RoutePredicateFactory [Query]
2025-03-05T14:20:10.165+05:30  INFO 22308 --- [gatewayserver] [           main] o.s.c.g.r.RouteDefinitionRouteLocator    : Loaded RoutePredicateFactory [ReadBody]
2025-03-05T14:20:10.165+05:30  INFO 22308 --- [gatewayserver] [           main] o.s.c.g.r.RouteDefinitionRouteLocator    : Loaded RoutePredicateFactory [RemoteAddr]
2025-03-05T14:20:10.165+05:30  INFO 22308 --- [gatewayserver] [           main] o.s.c.g.r.RouteDefinitionRouteLocator    : Loaded RoutePredicateFactory [XForwardedRemoteAddr]
2025-03-05T14:20:10.165+05:30  INFO 22308 --- [gatewayserver] [           main] o.s.c.g.r.RouteDefinitionRouteLocator    : Loaded RoutePredicateFactory [Weight]
2025-03-05T14:20:10.165+05:30  INFO 22308 --- [gatewayserver] [           main] o.s.c.g.r.RouteDefinitionRouteLocator    : Loaded RoutePredicateFactory [CloudFoundryRouteService]
2025-03-05T14:20:10.566+05:30  INFO 22308 --- [gatewayserver] [           main] o.s.b.a.e.web.EndpointLinksResolver      : Exposing 33 endpoints beneath base path '/actuator'
2025-03-05T14:20:10.897+05:30  INFO 22308 --- [gatewayserver] [           main] DiscoveryClientOptionalArgsConfiguration : Eureka HTTP Client uses RestTemplate.
2025-03-05T14:20:10.921+05:30  WARN 22308 --- [gatewayserver] [           main] iguration$LoadBalancerCaffeineWarnLogger : Spring Cloud LoadBalancer is currently working with the default cache. While this cache implementation is useful for development and tests, it's recommended to use Caffeine cache in production.You can switch to using Caffeine cache, by adding it and org.springframework.cache.caffeine.CaffeineCacheManager to the classpath.
2025-03-05T14:20:11.002+05:30  INFO 22308 --- [gatewayserver] [           main] o.s.c.n.eureka.InstanceInfoFactory       : Setting initial instance status as: STARTING
2025-03-05T14:20:11.056+05:30  INFO 22308 --- [gatewayserver] [           main] com.netflix.discovery.DiscoveryClient    : Initializing Eureka in region us-east-1
2025-03-05T14:20:11.061+05:30  INFO 22308 --- [gatewayserver] [           main] c.n.d.s.r.aws.ConfigClusterResolver      : Resolving eureka endpoints via configuration
2025-03-05T14:20:11.076+05:30  INFO 22308 --- [gatewayserver] [           main] com.netflix.discovery.DiscoveryClient    : Disable delta property : false
2025-03-05T14:20:11.076+05:30  INFO 22308 --- [gatewayserver] [           main] com.netflix.discovery.DiscoveryClient    : Single vip registry refresh property : null
2025-03-05T14:20:11.076+05:30  INFO 22308 --- [gatewayserver] [           main] com.netflix.discovery.DiscoveryClient    : Force full registry fetch : false
2025-03-05T14:20:11.076+05:30  INFO 22308 --- [gatewayserver] [           main] com.netflix.discovery.DiscoveryClient    : Application is null : false
2025-03-05T14:20:11.076+05:30  INFO 22308 --- [gatewayserver] [           main] com.netflix.discovery.DiscoveryClient    : Registered Applications size is zero : true
2025-03-05T14:20:11.076+05:30  INFO 22308 --- [gatewayserver] [           main] com.netflix.discovery.DiscoveryClient    : Application version is -1: true
2025-03-05T14:20:11.077+05:30  INFO 22308 --- [gatewayserver] [           main] com.netflix.discovery.DiscoveryClient    : Getting all instance registry info from the eureka server
2025-03-05T14:20:11.377+05:30  INFO 22308 --- [gatewayserver] [           main] com.netflix.discovery.DiscoveryClient    : The response status is 200
2025-03-05T14:20:11.379+05:30  INFO 22308 --- [gatewayserver] [           main] com.netflix.discovery.DiscoveryClient    : Starting heartbeat executor: renew interval is: 30
2025-03-05T14:20:11.381+05:30  INFO 22308 --- [gatewayserver] [           main] c.n.discovery.InstanceInfoReplicator     : InstanceInfoReplicator onDemand update allowed rate per min is 4
2025-03-05T14:20:11.383+05:30  INFO 22308 --- [gatewayserver] [           main] com.netflix.discovery.DiscoveryClient    : Discovery Client initialized at timestamp 1741164611383 with initial instances count: 1
2025-03-05T14:20:11.387+05:30  INFO 22308 --- [gatewayserver] [           main] o.s.c.n.e.s.EurekaServiceRegistry        : Registering application GATEWAYSERVER with eureka with status UP
2025-03-05T14:20:11.388+05:30  INFO 22308 --- [gatewayserver] [           main] com.netflix.discovery.DiscoveryClient    : Saw local status change event StatusChangeEvent [timestamp=1741164611388, current=UP, previous=STARTING]
2025-03-05T14:20:11.390+05:30  INFO 22308 --- [gatewayserver] [foReplicator-%d] com.netflix.discovery.DiscoveryClient    : DiscoveryClient_GATEWAYSERVER/Baghel.mshome.net:gatewayserver:8072: registering service...
2025-03-05T14:20:11.448+05:30  INFO 22308 --- [gatewayserver] [foReplicator-%d] com.netflix.discovery.DiscoveryClient    : DiscoveryClient_GATEWAYSERVER/Baghel.mshome.net:gatewayserver:8072 - registration status: 204
2025-03-05T14:20:11.524+05:30  INFO 22308 --- [gatewayserver] [           main] c.g.GatewayserverApplicationTests        : Started GatewayserverApplicationTests in 7.171 seconds (process running for 9.315)
]]></system-out>
    <system-err><![CDATA[Mockito is currently self-attaching to enable the inline-mock-maker. This will no longer work in future releases of the JDK. Please add Mockito as an agent to your build what is described in Mockito's documentation: https://javadoc.io/doc/org.mockito/mockito-core/latest/org/mockito/Mockito.html#0.3
WARNING: A Java agent has been loaded dynamically (C:\Users\singh\.m2\repository\net\bytebuddy\byte-buddy-agent\1.15.11\byte-buddy-agent-1.15.11.jar)
WARNING: If a serviceability tool is in use, please run with -XX:+EnableDynamicAgentLoading to hide this warning
WARNING: If a serviceability tool is not in use, please run with -Djdk.instrument.traceUsage for more information
WARNING: Dynamic loading of agents will be disallowed by default in a future release
]]></system-err>
  </testcase>
</testsuite>