<?xml version="1.0" encoding="UTF-8"?>
<testsuite xmlns:xsi="http://www.w3.org/2001/XMLSchema-instance" xsi:noNamespaceSchemaLocation="https://maven.apache.org/surefire/maven-surefire-plugin/xsd/surefire-test-report.xsd" version="3.0.2" name="com.configserver.ConfigserverApplicationTests" time="4.365" tests="1" errors="0" skipped="0" failures="0">
  <properties>
[...]
</properties>
  <testcase name="contextLoads" classname="com.configserver.ConfigserverApplicationTests" time="0.68">
    <system-out><![CDATA[14:19:18.932 [main] INFO org.springframework.test.context.support.AnnotationConfigContextLoaderUtils -- Could not detect default configuration classes for test class [com.configserver.ConfigserverApplicationTests]: ConfigserverApplicationTests does not declare any static, non-private, non-final, nested classes annotated with @Configuration.
14:19:19.045 [main] INFO org.springframework.boot.test.context.SpringBootTestContextBootstrapper -- Found @SpringBootConfiguration com.configserver.ConfigserverApplication for test class com.configserver.ConfigserverApplicationTests

  .   ____          _            __ _ _
 /\\ / ___'_ __ _ _(_)_ __  __ _ \ \ \ \
( ( )\___ | '_ | '_| | '_ \/ _` | \ \ \ \
 \\/  ___)| |_)| | | | | || (_| |  ) ) ) )
  '  |____| .__|_| |_|_| |_\__, | / / / /
 =========|_|==============|___/=/_/_/_/

 :: Spring Boot ::                (v3.4.3)

2025-03-05T14:19:19.825+05:30  INFO 4968 --- [configserver] [           main] c.c.ConfigserverApplicationTests         : Starting ConfigserverApplicationTests using Java 21.0.4 with PID 4968 (started by baghel in C:\Users\singh\git\Microservices\configserver)
2025-03-05T14:19:19.827+05:30  INFO 4968 --- [configserver] [           main] c.c.ConfigserverApplicationTests         : The following 1 profile is active: "native"
2025-03-05T14:19:21.050+05:30  INFO 4968 --- [configserver] [           main] o.s.cloud.context.scope.GenericScope     : BeanFactory id=ca64fccc-2f65-30ee-83d3-04824162408f
2025-03-05T14:19:22.299+05:30  INFO 4968 --- [configserver] [           main] o.s.b.a.e.web.EndpointLinksResolver      : Exposing 16 endpoints beneath base path '/actuator'
2025-03-05T14:19:22.364+05:30  INFO 4968 --- [configserver] [           main] c.c.ConfigserverApplicationTests         : Started ConfigserverApplicationTests in 3.024 seconds (process running for 4.122)
]]></system-out>
    <system-err><![CDATA[Mockito is currently self-attaching to enable the inline-mock-maker. This will no longer work in future releases of the JDK. Please add Mockito as an agent to your build what is described in Mockito's documentation: https://javadoc.io/doc/org.mockito/mockito-core/latest/org/mockito/Mockito.html#0.3
WARNING: A Java agent has been loaded dynamically (C:\Users\singh\.m2\repository\net\bytebuddy\byte-buddy-agent\1.15.11\byte-buddy-agent-1.15.11.jar)
WARNING: If a serviceability tool is in use, please run with -XX:+EnableDynamicAgentLoading to hide this warning
WARNING: If a serviceability tool is not in use, please run with -Djdk.instrument.traceUsage for more information
WARNING: Dynamic loading of agents will be disallowed by default in a future release
]]></system-err>
  </testcase>
</testsuite>