<?xml version="1.0" encoding="UTF-8"?>
<testsuite xmlns:xsi="http://www.w3.org/2001/XMLSchema-instance" xsi:noNamespaceSchemaLocation="https://maven.apache.org/surefire/maven-surefire-plugin/xsd/surefire-test-report.xsd" version="3.0.2" name="com.configserver.ConfigserverApplicationTests" time="8.761" tests="1" errors="0" skipped="0" failures="0">
  <properties>
[...]
</properties>
  <testcase name="contextLoads" classname="com.configserver.ConfigserverApplicationTests" time="0.897">
    <system-out><![CDATA[01:53:13.353 [main] INFO org.springframework.test.context.support.AnnotationConfigContextLoaderUtils -- Could not detect default configuration classes for test class [com.configserver.ConfigserverApplicationTests]: ConfigserverApplicationTests does not declare any static, non-private, non-final, nested classes annotated with @Configuration.
01:53:13.500 [main] INFO org.springframework.boot.test.context.SpringBootTestContextBootstrapper -- Found @SpringBootConfiguration com.configserver.ConfigserverApplication for test class com.configserver.ConfigserverApplicationTests

  .   ____          _            __ _ _
 /\\ / ___'_ __ _ _(_)_ __  __ _ \ \ \ \
( ( )\___ | '_ | '_| | '_ \/ _` | \ \ \ \
 \\/  ___)| |_)| | | | | || (_| |  ) ) ) )
  '  |____| .__|_| |_|_| |_\__, | / / / /
 =========|_|==============|___/=/_/_/_/

 :: Spring Boot ::                (v3.4.3)

2025-02-25T01:53:14.641+05:30  INFO 14864 --- [configserver] [           main] c.c.ConfigserverApplicationTests         : Starting ConfigserverApplicationTests using Java 21.0.4 with PID 14864 (started by baghel in C:\Users\singh\git\Microservices\configserver)
2025-02-25T01:53:14.644+05:30  INFO 14864 --- [configserver] [           main] c.c.ConfigserverApplicationTests         : The following 1 profile is active: "native"
2025-02-25T01:53:16.853+05:30  INFO 14864 --- [configserver] [           main] faultConfiguringBeanFactoryPostProcessor : No bean named 'errorChannel' has been explicitly defined. Therefore, a default PublishSubscribeChannel will be created.
2025-02-25T01:53:16.871+05:30  INFO 14864 --- [configserver] [           main] faultConfiguringBeanFactoryPostProcessor : No bean named 'integrationHeaderChannelRegistry' has been explicitly defined. Therefore, a default DefaultHeaderChannelRegistry will be created.
2025-02-25T01:53:17.045+05:30  INFO 14864 --- [configserver] [           main] o.s.cloud.context.scope.GenericScope     : BeanFactory id=69e225be-c075-38c4-8c2c-1e8a6fa605df
2025-02-25T01:53:19.546+05:30  INFO 14864 --- [configserver] [           main] o.s.c.s.m.DirectWithAttributesChannel    : Channel 'configserver.springCloudBusInput' has 1 subscriber(s).
2025-02-25T01:53:20.073+05:30  INFO 14864 --- [configserver] [           main] o.s.b.a.e.web.EndpointLinksResolver      : Exposing 23 endpoints beneath base path '/actuator'
2025-02-25T01:53:20.228+05:30  INFO 14864 --- [configserver] [           main] o.s.i.endpoint.EventDrivenConsumer       : Adding {logging-channel-adapter:_org.springframework.integration.errorLogger} as a subscriber to the 'errorChannel' channel
2025-02-25T01:53:20.228+05:30  INFO 14864 --- [configserver] [           main] o.s.i.channel.PublishSubscribeChannel    : Channel 'configserver.errorChannel' has 1 subscriber(s).
2025-02-25T01:53:20.229+05:30  INFO 14864 --- [configserver] [           main] o.s.i.endpoint.EventDrivenConsumer       : started bean '_org.springframework.integration.errorLogger'
2025-02-25T01:53:20.273+05:30  INFO 14864 --- [configserver] [           main] o.s.c.c.m.FileMonitorConfiguration       : Not monitoring for local config changes
2025-02-25T01:53:20.274+05:30  INFO 14864 --- [configserver] [           main] o.s.c.s.binder.DefaultBinderFactory      : Creating binder: rabbit
2025-02-25T01:53:20.275+05:30  INFO 14864 --- [configserver] [           main] o.s.c.s.binder.DefaultBinderFactory      : Constructing binder child context for rabbit
2025-02-25T01:53:20.440+05:30  INFO 14864 --- [configserver] [           main] o.s.c.s.binder.DefaultBinderFactory      : Caching the binder: rabbit
2025-02-25T01:53:20.496+05:30  INFO 14864 --- [configserver] [           main] c.s.b.r.p.RabbitExchangeQueueProvisioner : declaring queue for inbound: springCloudBus.anonymous.x9eMaatfR0CDFlASE6j6BQ, bound to: springCloudBus
2025-02-25T01:53:20.505+05:30  INFO 14864 --- [configserver] [           main] o.s.a.r.c.CachingConnectionFactory       : Attempting to connect to: [localhost:5672]
2025-02-25T01:53:20.615+05:30  INFO 14864 --- [configserver] [           main] o.s.a.r.c.CachingConnectionFactory       : Created new connection: rabbitConnectionFactory#38968752:0/SimpleConnection@61f08aa9 [delegate=amqp://guest@127.0.0.1:5672/, localPort=65054]
2025-02-25T01:53:20.725+05:30  INFO 14864 --- [configserver] [           main] o.s.c.stream.binder.BinderErrorChannel   : Channel 'rabbit-2117522696.springCloudBusInput.errors' has 1 subscriber(s).
2025-02-25T01:53:20.726+05:30  INFO 14864 --- [configserver] [           main] o.s.c.stream.binder.BinderErrorChannel   : Channel 'rabbit-2117522696.springCloudBusInput.errors' has 2 subscriber(s).
2025-02-25T01:53:20.764+05:30  INFO 14864 --- [configserver] [           main] o.s.i.a.i.AmqpInboundChannelAdapter      : started bean 'inbound.springCloudBus.anonymous.x9eMaatfR0CDFlASE6j6BQ'
2025-02-25T01:53:20.857+05:30  INFO 14864 --- [configserver] [           main] c.c.ConfigserverApplicationTests         : Started ConfigserverApplicationTests in 6.904 seconds (process running for 8.55)
]]></system-out>
    <system-err><![CDATA[Mockito is currently self-attaching to enable the inline-mock-maker. This will no longer work in future releases of the JDK. Please add Mockito as an agent to your build what is described in Mockito's documentation: https://javadoc.io/doc/org.mockito/mockito-core/latest/org/mockito/Mockito.html#0.3
WARNING: A Java agent has been loaded dynamically (C:\Users\singh\.m2\repository\net\bytebuddy\byte-buddy-agent\1.15.11\byte-buddy-agent-1.15.11.jar)
WARNING: If a serviceability tool is in use, please run with -XX:+EnableDynamicAgentLoading to hide this warning
WARNING: If a serviceability tool is not in use, please run with -Djdk.instrument.traceUsage for more information
WARNING: Dynamic loading of agents will be disallowed by default in a future release
]]></system-err>
  </testcase>
</testsuite>