<?xml version="1.0" encoding="UTF-8"?>
<testsuite xmlns:xsi="http://www.w3.org/2001/XMLSchema-instance" xsi:noNamespaceSchemaLocation="https://maven.apache.org/surefire/maven-surefire-plugin/xsd/surefire-test-report.xsd" version="3.0.2" name="com.cards.CardsApplicationTests" time="9.399" tests="1" errors="0" skipped="0" failures="0">
  <properties>
[...]
</properties>
  <testcase name="contextLoads" classname="com.cards.CardsApplicationTests" time="0.55">
    <system-out><![CDATA[13:08:22.224 [main] INFO org.springframework.test.context.support.AnnotationConfigContextLoaderUtils -- Could not detect default configuration classes for test class [com.cards.CardsApplicationTests]: CardsApplicationTests does not declare any static, non-private, non-final, nested classes annotated with @Configuration.
13:08:22.398 [main] INFO org.springframework.boot.test.context.SpringBootTestContextBootstrapper -- Found @SpringBootConfiguration com.cards.CardsApplication for test class com.cards.CardsApplicationTests

  .   ____          _            __ _ _
 /\\ / ___'_ __ _ _(_)_ __  __ _ \ \ \ \
( ( )\___ | '_ | '_| | '_ \/ _` | \ \ \ \
 \\/  ___)| |_)| | | | | || (_| |  ) ) ) )
  '  |____| .__|_| |_|_| |_\__, | / / / /
 =========|_|==============|___/=/_/_/_/

 :: Spring Boot ::                (v3.4.2)

2025-02-22T13:08:23.081+05:30  INFO 22540 --- [cards] [           main] com.cards.CardsApplicationTests          : Starting CardsApplicationTests using Java 21.0.4 with PID 22540 (started by baghel in C:\Users\singh\git\Microservices\cards)
2025-02-22T13:08:23.082+05:30  INFO 22540 --- [cards] [           main] com.cards.CardsApplicationTests          : No active profile set, falling back to 1 default profile: "default"
2025-02-22T13:08:24.823+05:30  INFO 22540 --- [cards] [           main] .s.d.r.c.RepositoryConfigurationDelegate : Bootstrapping Spring Data JPA repositories in DEFAULT mode.
2025-02-22T13:08:24.918+05:30  INFO 22540 --- [cards] [           main] .s.d.r.c.RepositoryConfigurationDelegate : Finished Spring Data repository scanning in 78 ms. Found 1 JPA repository interface.
2025-02-22T13:08:25.857+05:30  INFO 22540 --- [cards] [           main] com.zaxxer.hikari.HikariDataSource       : HikariPool-1 - Starting...
2025-02-22T13:08:26.107+05:30  INFO 22540 --- [cards] [           main] com.zaxxer.hikari.pool.HikariPool        : HikariPool-1 - Added connection conn0: url=jdbc:h2:mem:testdb user=SA
2025-02-22T13:08:26.110+05:30  INFO 22540 --- [cards] [           main] com.zaxxer.hikari.HikariDataSource       : HikariPool-1 - Start completed.
2025-02-22T13:08:26.311+05:30  INFO 22540 --- [cards] [           main] o.hibernate.jpa.internal.util.LogHelper  : HHH000204: Processing PersistenceUnitInfo [name: default]
2025-02-22T13:08:26.449+05:30  INFO 22540 --- [cards] [           main] org.hibernate.Version                    : HHH000412: Hibernate ORM core version 6.6.5.Final
2025-02-22T13:08:26.490+05:30  INFO 22540 --- [cards] [           main] o.h.c.internal.RegionFactoryInitiator    : HHH000026: Second-level cache disabled
2025-02-22T13:08:26.881+05:30  INFO 22540 --- [cards] [           main] o.s.o.j.p.SpringPersistenceUnitInfo      : No LoadTimeWeaver setup: ignoring JPA class transformer
2025-02-22T13:08:26.918+05:30  WARN 22540 --- [cards] [           main] org.hibernate.orm.deprecation            : HHH90000025: H2Dialect does not need to be specified explicitly using 'hibernate.dialect' (remove the property setting and it will be selected by default)
2025-02-22T13:08:26.932+05:30  INFO 22540 --- [cards] [           main] org.hibernate.orm.connections.pooling    : HHH10001005: Database info:
	Database JDBC URL [Connecting through datasource 'HikariDataSource (HikariPool-1)']
	Database driver: undefined/unknown
	Database version: 2.3.232
	Autocommit mode: undefined/unknown
	Isolation level: undefined/unknown
	Minimum pool size: undefined/unknown
	Maximum pool size: undefined/unknown
2025-02-22T13:08:27.852+05:30  INFO 22540 --- [cards] [           main] o.h.e.t.j.p.i.JtaPlatformInitiator       : HHH000489: No JTA platform available (set 'hibernate.transaction.jta.platform' to enable JTA platform integration)
Hibernate: alter table if exists cards alter column card_id set data type bigint
Hibernate: alter table if exists cards alter column created_at set data type timestamp(6)
Hibernate: alter table if exists cards alter column created_by set data type varchar(255)
Hibernate: alter table if exists cards alter column updated_at set data type timestamp(6)
Hibernate: alter table if exists cards alter column updated_by set data type varchar(255)
Hibernate: alter table if exists cards alter column card_number set data type varchar(255)
Hibernate: alter table if exists cards alter column card_type set data type varchar(255)
Hibernate: alter table if exists cards alter column mobile_number set data type varchar(255)
2025-02-22T13:08:27.908+05:30  INFO 22540 --- [cards] [           main] j.LocalContainerEntityManagerFactoryBean : Initialized JPA EntityManagerFactory for persistence unit 'default'
2025-02-22T13:08:28.991+05:30  WARN 22540 --- [cards] [           main] JpaBaseConfiguration$JpaWebConfiguration : spring.jpa.open-in-view is enabled by default. Therefore, database queries may be performed during view rendering. Explicitly configure spring.jpa.open-in-view to disable this warning
2025-02-22T13:08:30.533+05:30  INFO 22540 --- [cards] [           main] o.s.b.a.h2.H2ConsoleAutoConfiguration    : H2 console available at '/h2-console'. Database available at 'jdbc:h2:mem:testdb'
2025-02-22T13:08:30.589+05:30  INFO 22540 --- [cards] [           main] o.s.b.a.e.web.EndpointLinksResolver      : Exposing 1 endpoint beneath base path '/actuator'
2025-02-22T13:08:30.703+05:30  INFO 22540 --- [cards] [           main] com.cards.CardsApplicationTests          : Started CardsApplicationTests in 8.08 seconds (process running for 9.516)
]]></system-out>
    <system-err><![CDATA[Mockito is currently self-attaching to enable the inline-mock-maker. This will no longer work in future releases of the JDK. Please add Mockito as an agent to your build what is described in Mockito's documentation: https://javadoc.io/doc/org.mockito/mockito-core/latest/org/mockito/Mockito.html#0.3
WARNING: A Java agent has been loaded dynamically (C:\Users\singh\.m2\repository\net\bytebuddy\byte-buddy-agent\1.15.11\byte-buddy-agent-1.15.11.jar)
WARNING: If a serviceability tool is in use, please run with -XX:+EnableDynamicAgentLoading to hide this warning
WARNING: If a serviceability tool is not in use, please run with -Djdk.instrument.traceUsage for more information
WARNING: Dynamic loading of agents will be disallowed by default in a future release
]]></system-err>
  </testcase>
</testsuite>