<?xml version="1.0" encoding="UTF-8"?>
<testsuite xmlns:xsi="http://www.w3.org/2001/XMLSchema-instance" xsi:noNamespaceSchemaLocation="https://maven.apache.org/surefire/maven-surefire-plugin/xsd/surefire-test-report.xsd" version="3.0.2" name="com.cards.CardsApplicationTests" time="14.055" tests="1" errors="0" skipped="0" failures="0">
  <properties>
[...]
</properties>
  <testcase name="contextLoads" classname="com.cards.CardsApplicationTests" time="0.605">
    <system-out><![CDATA[Standard Commons Logging discovery in action with spring-jcl: please remove commons-logging.jar from classpath in order to avoid potential conflicts
00:35:59.292 [main] INFO org.springframework.test.context.support.AnnotationConfigContextLoaderUtils -- Could not detect default configuration classes for test class [com.cards.CardsApplicationTests]: CardsApplicationTests does not declare any static, non-private, non-final, nested classes annotated with @Configuration.
00:35:59.476 [main] INFO org.springframework.boot.test.context.SpringBootTestContextBootstrapper -- Found @SpringBootConfiguration com.cards.CardsApplication for test class com.cards.CardsApplicationTests

  .   ____          _            __ _ _
 /\\ / ___'_ __ _ _(_)_ __  __ _ \ \ \ \
( ( )\___ | '_ | '_| | '_ \/ _` | \ \ \ \
 \\/  ___)| |_)| | | | | || (_| |  ) ) ) )
  '  |____| .__|_| |_|_| |_\__, | / / / /
 =========|_|==============|___/=/_/_/_/

 :: Spring Boot ::                (v3.4.2)

2025-02-25T00:36:01.306+05:30  INFO 10200 --- [cards] [           main] com.cards.CardsApplicationTests          : Starting CardsApplicationTests using Java 21.0.4 with PID 10200 (started by baghel in C:\Users\singh\git\Microservices\cards)
2025-02-25T00:36:01.309+05:30  INFO 10200 --- [cards] [           main] com.cards.CardsApplicationTests          : The following 1 profile is active: "prod"
2025-02-25T00:36:01.373+05:30  INFO 10200 --- [cards] [           main] o.s.c.c.c.ConfigServerConfigDataLoader   : Fetching config from server at : http://localhost:8071/
2025-02-25T00:36:01.373+05:30  INFO 10200 --- [cards] [           main] o.s.c.c.c.ConfigServerConfigDataLoader   : Located environment: name=cards, profiles=[default], label=null, version=null, state=null
2025-02-25T00:36:01.373+05:30  INFO 10200 --- [cards] [           main] o.s.c.c.c.ConfigServerConfigDataLoader   : Fetching config from server at : http://localhost:8071/
2025-02-25T00:36:01.374+05:30  INFO 10200 --- [cards] [           main] o.s.c.c.c.ConfigServerConfigDataLoader   : Located environment: name=cards, profiles=[prod], label=null, version=null, state=null
2025-02-25T00:36:03.444+05:30  INFO 10200 --- [cards] [           main] .s.d.r.c.RepositoryConfigurationDelegate : Bootstrapping Spring Data JPA repositories in DEFAULT mode.
2025-02-25T00:36:03.693+05:30  INFO 10200 --- [cards] [           main] .s.d.r.c.RepositoryConfigurationDelegate : Finished Spring Data repository scanning in 233 ms. Found 1 JPA repository interface.
2025-02-25T00:36:03.942+05:30  INFO 10200 --- [cards] [           main] faultConfiguringBeanFactoryPostProcessor : No bean named 'errorChannel' has been explicitly defined. Therefore, a default PublishSubscribeChannel will be created.
2025-02-25T00:36:03.959+05:30  INFO 10200 --- [cards] [           main] faultConfiguringBeanFactoryPostProcessor : No bean named 'integrationHeaderChannelRegistry' has been explicitly defined. Therefore, a default DefaultHeaderChannelRegistry will be created.
2025-02-25T00:36:04.149+05:30  INFO 10200 --- [cards] [           main] o.s.cloud.context.scope.GenericScope     : BeanFactory id=03b8d187-9d37-38bc-a17d-4b836300266d
2025-02-25T00:36:05.030+05:30  INFO 10200 --- [cards] [           main] com.zaxxer.hikari.HikariDataSource       : HikariPool-1 - Starting...
2025-02-25T00:36:05.299+05:30  INFO 10200 --- [cards] [           main] com.zaxxer.hikari.pool.HikariPool        : HikariPool-1 - Added connection conn0: url=jdbc:h2:mem:testdb user=SA
2025-02-25T00:36:05.301+05:30  INFO 10200 --- [cards] [           main] com.zaxxer.hikari.HikariDataSource       : HikariPool-1 - Start completed.
2025-02-25T00:36:05.530+05:30  INFO 10200 --- [cards] [           main] o.hibernate.jpa.internal.util.LogHelper  : HHH000204: Processing PersistenceUnitInfo [name: default]
2025-02-25T00:36:05.624+05:30  INFO 10200 --- [cards] [           main] org.hibernate.Version                    : HHH000412: Hibernate ORM core version 6.6.5.Final
2025-02-25T00:36:05.698+05:30  INFO 10200 --- [cards] [           main] o.h.c.internal.RegionFactoryInitiator    : HHH000026: Second-level cache disabled
2025-02-25T00:36:06.066+05:30  INFO 10200 --- [cards] [           main] o.s.o.j.p.SpringPersistenceUnitInfo      : No LoadTimeWeaver setup: ignoring JPA class transformer
2025-02-25T00:36:06.187+05:30  WARN 10200 --- [cards] [           main] org.hibernate.orm.deprecation            : HHH90000025: H2Dialect does not need to be specified explicitly using 'hibernate.dialect' (remove the property setting and it will be selected by default)
2025-02-25T00:36:06.217+05:30  INFO 10200 --- [cards] [           main] org.hibernate.orm.connections.pooling    : HHH10001005: Database info:
	Database JDBC URL [Connecting through datasource 'HikariDataSource (HikariPool-1)']
	Database driver: undefined/unknown
	Database version: 2.3.232
	Autocommit mode: undefined/unknown
	Isolation level: undefined/unknown
	Minimum pool size: undefined/unknown
	Maximum pool size: undefined/unknown
2025-02-25T00:36:07.422+05:30  INFO 10200 --- [cards] [           main] o.h.e.t.j.p.i.JtaPlatformInitiator       : HHH000489: No JTA platform available (set 'hibernate.transaction.jta.platform' to enable JTA platform integration)
Hibernate: alter table if exists cards alter column card_id set data type bigint
Hibernate: alter table if exists cards alter column created_at set data type timestamp(6)
Hibernate: alter table if exists cards alter column created_by set data type varchar(255)
Hibernate: alter table if exists cards alter column updated_at set data type timestamp(6)
Hibernate: alter table if exists cards alter column updated_by set data type varchar(255)
Hibernate: alter table if exists cards alter column card_number set data type varchar(255)
Hibernate: alter table if exists cards alter column card_type set data type varchar(255)
Hibernate: alter table if exists cards alter column mobile_number set data type varchar(255)
2025-02-25T00:36:07.520+05:30  INFO 10200 --- [cards] [           main] j.LocalContainerEntityManagerFactoryBean : Initialized JPA EntityManagerFactory for persistence unit 'default'
2025-02-25T00:36:08.945+05:30  WARN 10200 --- [cards] [           main] JpaBaseConfiguration$JpaWebConfiguration : spring.jpa.open-in-view is enabled by default. Therefore, database queries may be performed during view rendering. Explicitly configure spring.jpa.open-in-view to disable this warning
2025-02-25T00:36:11.038+05:30  INFO 10200 --- [cards] [           main] o.s.c.s.m.DirectWithAttributesChannel    : Channel 'cards.springCloudBusInput' has 1 subscriber(s).
2025-02-25T00:36:11.375+05:30  INFO 10200 --- [cards] [           main] o.s.b.a.h2.H2ConsoleAutoConfiguration    : H2 console available at '/h2-console'. Database available at 'jdbc:h2:mem:testdb'
2025-02-25T00:36:11.509+05:30  INFO 10200 --- [cards] [           main] o.s.b.a.e.web.EndpointLinksResolver      : Exposing 23 endpoints beneath base path '/actuator'
2025-02-25T00:36:11.729+05:30  INFO 10200 --- [cards] [           main] o.s.i.endpoint.EventDrivenConsumer       : Adding {logging-channel-adapter:_org.springframework.integration.errorLogger} as a subscriber to the 'errorChannel' channel
2025-02-25T00:36:11.729+05:30  INFO 10200 --- [cards] [           main] o.s.i.channel.PublishSubscribeChannel    : Channel 'cards.errorChannel' has 1 subscriber(s).
2025-02-25T00:36:11.730+05:30  INFO 10200 --- [cards] [           main] o.s.i.endpoint.EventDrivenConsumer       : started bean '_org.springframework.integration.errorLogger'
2025-02-25T00:36:11.789+05:30  INFO 10200 --- [cards] [           main] o.s.c.s.binder.DefaultBinderFactory      : Creating binder: rabbit
2025-02-25T00:36:11.790+05:30  INFO 10200 --- [cards] [           main] o.s.c.s.binder.DefaultBinderFactory      : Constructing binder child context for rabbit
2025-02-25T00:36:11.958+05:30  INFO 10200 --- [cards] [           main] o.s.c.s.binder.DefaultBinderFactory      : Caching the binder: rabbit
2025-02-25T00:36:12.052+05:30  INFO 10200 --- [cards] [           main] c.s.b.r.p.RabbitExchangeQueueProvisioner : declaring queue for inbound: springCloudBus.anonymous.tr4M-15YQz2iupp7EsRJAw, bound to: springCloudBus
2025-02-25T00:36:12.067+05:30  INFO 10200 --- [cards] [           main] o.s.a.r.c.CachingConnectionFactory       : Attempting to connect to: [localhost:5672]
2025-02-25T00:36:12.147+05:30  INFO 10200 --- [cards] [           main] o.s.a.r.c.CachingConnectionFactory       : Created new connection: rabbitConnectionFactory#7375e6c1:0/SimpleConnection@2564b7f2 [delegate=amqp://guest@127.0.0.1:5672/, localPort=63444]
2025-02-25T00:36:12.225+05:30  INFO 10200 --- [cards] [           main] o.s.c.stream.binder.BinderErrorChannel   : Channel 'rabbit-1989684986.springCloudBusInput.errors' has 1 subscriber(s).
2025-02-25T00:36:12.226+05:30  INFO 10200 --- [cards] [           main] o.s.c.stream.binder.BinderErrorChannel   : Channel 'rabbit-1989684986.springCloudBusInput.errors' has 2 subscriber(s).
2025-02-25T00:36:12.250+05:30  INFO 10200 --- [cards] [           main] o.s.i.a.i.AmqpInboundChannelAdapter      : started bean 'inbound.springCloudBus.anonymous.tr4M-15YQz2iupp7EsRJAw'
2025-02-25T00:36:12.346+05:30  INFO 10200 --- [cards] [           main] com.cards.CardsApplicationTests          : Started CardsApplicationTests in 12.385 seconds (process running for 14.168)
]]></system-out>
    <system-err><![CDATA[Mockito is currently self-attaching to enable the inline-mock-maker. This will no longer work in future releases of the JDK. Please add Mockito as an agent to your build what is described in Mockito's documentation: https://javadoc.io/doc/org.mockito/mockito-core/latest/org/mockito/Mockito.html#0.3
WARNING: A Java agent has been loaded dynamically (C:\Users\singh\.m2\repository\net\bytebuddy\byte-buddy-agent\1.15.11\byte-buddy-agent-1.15.11.jar)
WARNING: If a serviceability tool is in use, please run with -XX:+EnableDynamicAgentLoading to hide this warning
WARNING: If a serviceability tool is not in use, please run with -Djdk.instrument.traceUsage for more information
WARNING: Dynamic loading of agents will be disallowed by default in a future release
]]></system-err>
  </testcase>
</testsuite>